08-Dec-2025 05:12:37.842 INFO [main] org.apache.catalina.core.ApplicationContext.log ContextListener: contextInitialized()
08-Dec-2025 05:12:37.842 INFO [main] org.apache.catalina.core.ApplicationContext.log SessionListener: contextInitialized()
08-Dec-2025 05:12:37.843 INFO [main] org.apache.catalina.core.ApplicationContext.log ContextListener: attributeAdded('StockTicker', 'async.Stockticker@1847da64')
08-Dec-2025 05:12:57.755 INFO [main] org.apache.catalina.core.ApplicationContext.log SessionListener: contextDestroyed()
08-Dec-2025 05:12:57.755 INFO [main] org.apache.catalina.core.ApplicationContext.log ContextListener: contextDestroyed()
08-Dec-2025 05:13:08.824 INFO [main] org.apache.catalina.core.ApplicationContext.log ContextListener: contextInitialized()
08-Dec-2025 05:13:08.824 INFO [main] org.apache.catalina.core.ApplicationContext.log SessionListener: contextInitialized()
08-Dec-2025 05:13:08.824 INFO [main] org.apache.catalina.core.ApplicationContext.log ContextListener: attributeAdded('StockTicker', 'async.Stockticker@f4a21cb')
08-Dec-2025 05:41:13.770 INFO [http-nio-8080-exec-7] org.apache.catalina.core.ApplicationContext.log org.kursach.kursach.security.LoginServlet: Не удалось выполнить контейнерную аутентификацию: Login failed
08-Dec-2025 05:41:48.974 INFO [http-nio-8080-exec-3] org.apache.catalina.core.ApplicationContext.log org.kursach.kursach.security.LoginServlet: Не удалось выполнить контейнерную аутентификацию: Login failed
08-Dec-2025 05:43:50.182 INFO [main] org.apache.catalina.core.ApplicationContext.log SessionListener: contextDestroyed()
08-Dec-2025 05:43:50.182 INFO [main] org.apache.catalina.core.ApplicationContext.log ContextListener: contextDestroyed()
08-Dec-2025 05:44:01.344 INFO [main] org.apache.catalina.core.ApplicationContext.log ContextListener: contextInitialized()
08-Dec-2025 05:44:01.344 INFO [main] org.apache.catalina.core.ApplicationContext.log SessionListener: contextInitialized()
08-Dec-2025 05:44:01.344 INFO [main] org.apache.catalina.core.ApplicationContext.log ContextListener: attributeAdded('StockTicker', 'async.Stockticker@5967492a')
08-Dec-2025 05:45:34.740 INFO [main] org.apache.catalina.core.ApplicationContext.log SessionListener: contextDestroyed()
08-Dec-2025 05:45:34.740 INFO [main] org.apache.catalina.core.ApplicationContext.log ContextListener: contextDestroyed()
08-Dec-2025 05:50:45.562 INFO [main] org.apache.catalina.core.ApplicationContext.log ContextListener: contextInitialized()
08-Dec-2025 05:50:45.562 INFO [main] org.apache.catalina.core.ApplicationContext.log SessionListener: contextInitialized()
08-Dec-2025 05:50:45.563 INFO [main] org.apache.catalina.core.ApplicationContext.log ContextListener: attributeAdded('StockTicker', 'async.Stockticker@3f7d20c5')
08-Dec-2025 05:50:45.611 INFO [main] org.apache.catalina.core.ApplicationContext.log SessionListener: contextDestroyed()
08-Dec-2025 05:50:45.611 INFO [main] org.apache.catalina.core.ApplicationContext.log ContextListener: contextDestroyed()
08-Dec-2025 05:52:34.861 INFO [main] org.apache.catalina.core.ApplicationContext.log ContextListener: contextInitialized()
08-Dec-2025 05:52:34.861 INFO [main] org.apache.catalina.core.ApplicationContext.log SessionListener: contextInitialized()
08-Dec-2025 05:52:34.861 INFO [main] org.apache.catalina.core.ApplicationContext.log ContextListener: attributeAdded('StockTicker', 'async.Stockticker@142f0ac1')
08-Dec-2025 05:52:53.885 INFO [http-nio-8080-exec-9] org.apache.catalina.core.ApplicationContext.log org.kursach.kursach.security.LoginServlet: Не удалось выполнить контейнерную аутентификацию: Login failed
08-Dec-2025 06:02:34.949 INFO [main] org.apache.catalina.core.ApplicationContext.log SessionListener: contextDestroyed()
08-Dec-2025 06:02:34.949 INFO [main] org.apache.catalina.core.ApplicationContext.log ContextListener: contextDestroyed()
